android/app/build/intermediates/manifest_merge_blame_file/debug/manifest-merger-blame-debug-report.txt
1<?xml version="1.0" encoding="utf-8"?>
2<manifest xmlns:android="http://schemas.android.com/apk/res/android"
3    package="com.travellogapp"
4    android:versionCode="1"
5    android:versionName="1.0" >
6
7    <uses-sdk
8        android:minSdkVersion="21"
9        android:targetSdkVersion="27" />
10
11    <uses-permission android:name="android.permission.SYSTEM_ALERT_WINDOW" />
11-->src/debug/AndroidManifest.xml:5:5-77
11-->src/debug/AndroidManifest.xml:5:22-75
12    <uses-permission android:name="android.permission.INTERNET" />
12-->src/main/AndroidManifest.xml:4:5-67
12-->src/main/AndroidManifest.xml:4:22-64
13    <uses-permission android:name="android.permission.CAMERA" />
13-->src/main/AndroidManifest.xml:5:5-64
13-->src/main/AndroidManifest.xml:5:22-62
14
15    <uses-feature
15-->src/main/AndroidManifest.xml:6:5-85
16        android:name="android.hardware.camera"
16-->src/main/AndroidManifest.xml:6:19-57
17        android:required="false" />
17-->src/main/AndroidManifest.xml:6:58-82
18    <uses-feature
18-->src/main/AndroidManifest.xml:7:5-91
19        android:name="android.hardware.camera.front"
19-->src/main/AndroidManifest.xml:7:19-63
20        android:required="false" />
20-->src/main/AndroidManifest.xml:7:64-88
21
22    <uses-permission android:name="android.permission.WRITE_EXTERNAL_STORAGE" />
22-->src/main/AndroidManifest.xml:8:5-81
22-->src/main/AndroidManifest.xml:8:22-78
23    <uses-permission android:name="android.permission.READ_EXTERNAL_STORAGE" />
23-->src/main/AndroidManifest.xml:9:5-80
23-->src/main/AndroidManifest.xml:9:22-77
24    <uses-permission android:name="android.permission.MANAGE_EXTERNAL_STORAGE" />
24-->src/main/AndroidManifest.xml:10:5-82
24-->src/main/AndroidManifest.xml:10:22-79
25    <uses-permission android:name="android.permission.ACCESS_WIFI_STATE" />
25-->[com.facebook.flipper:flipper:0.125.0] AndroidManifest.xml:16:5-76
25-->[com.facebook.flipper:flipper:0.125.0] AndroidManifest.xml:16:22-73
26    <uses-permission android:name="android.permission.WAKE_LOCK" />
26-->[:react-native-firebase_auth] AndroidManifest.xml:10:5-68
26-->[:react-native-firebase_auth] AndroidManifest.xml:10:22-65
27    <uses-permission android:name="android.permission.ACCESS_NETWORK_STATE" />
27-->[:react-native-firebase_auth] AndroidManifest.xml:11:5-79
27-->[:react-native-firebase_auth] AndroidManifest.xml:11:22-76
28
29    <queries>
29-->[:react-native-image-crop-picker] AndroidManifest.xml:9:5-13:15
30        <intent>
30-->[:react-native-image-crop-picker] AndroidManifest.xml:10:9-12:18
31            <action android:name="android.media.action.IMAGE_CAPTURE" />
31-->[:react-native-image-crop-picker] AndroidManifest.xml:11:13-73
31-->[:react-native-image-crop-picker] AndroidManifest.xml:11:21-70
32        </intent>
33    </queries>
34
35    <uses-permission android:name="com.google.android.gms.permission.AD_ID" />
35-->[com.google.android.gms:play-services-measurement-api:21.0.0] AndroidManifest.xml:25:5-79
35-->[com.google.android.gms:play-services-measurement-api:21.0.0] AndroidManifest.xml:25:22-76
36    <uses-permission android:name="com.google.android.finsky.permission.BIND_GET_INSTALL_REFERRER_SERVICE" />
36-->[com.google.android.gms:play-services-measurement:21.0.0] AndroidManifest.xml:26:5-110
36-->[com.google.android.gms:play-services-measurement:21.0.0] AndroidManifest.xml:26:22-107
37
38    <application
38-->src/main/AndroidManifest.xml:12:5-31:19
39        android:name="com.travellogapp.MainApplication"
39-->src/main/AndroidManifest.xml:13:7-38
40        android:allowBackup="false"
40-->src/main/AndroidManifest.xml:17:7-34
41        android:appComponentFactory="androidx.core.app.CoreComponentFactory"
41-->[androidx.core:core:1.5.0] AndroidManifest.xml:24:18-86
42        android:debuggable="true"
43        android:icon="@mipmap/ic_launcher"
43-->src/main/AndroidManifest.xml:15:7-41
44        android:label="@string/app_name"
44-->src/main/AndroidManifest.xml:14:7-39
45        android:roundIcon="@mipmap/ic_launcher_round"
45-->src/main/AndroidManifest.xml:16:7-52
46        android:theme="@style/AppTheme"
46-->src/main/AndroidManifest.xml:18:7-38
47        android:usesCleartextTraffic="true" >
47-->src/debug/AndroidManifest.xml:8:9-44
48        <activity
48-->src/debug/AndroidManifest.xml:11:9-111
49            android:name="com.facebook.react.devsupport.DevSettingsActivity"
49-->src/debug/AndroidManifest.xml:11:19-83
50            android:exported="false" />
50-->src/debug/AndroidManifest.xml:11:84-108
51        <activity
51-->src/main/AndroidManifest.xml:19:7-30:18
52            android:name="com.travellogapp.MainActivity"
52-->src/main/AndroidManifest.xml:20:9-37
53            android:configChanges="keyboard|keyboardHidden|orientation|screenLayout|screenSize|smallestScreenSize|uiMode"
53-->src/main/AndroidManifest.xml:22:9-118
54            android:exported="true"
54-->src/main/AndroidManifest.xml:25:9-32
55            android:label="@string/app_name"
55-->src/main/AndroidManifest.xml:21:9-41
56            android:launchMode="singleTask"
56-->src/main/AndroidManifest.xml:23:9-40
57            android:windowSoftInputMode="adjustResize" >
57-->src/main/AndroidManifest.xml:24:9-51
58            <intent-filter>
58-->src/main/AndroidManifest.xml:26:9-29:25
59                <action android:name="android.intent.action.MAIN" />
59-->src/main/AndroidManifest.xml:27:13-65
59-->src/main/AndroidManifest.xml:27:21-62
60
61                <category android:name="android.intent.category.LAUNCHER" />
61-->src/main/AndroidManifest.xml:28:13-73
61-->src/main/AndroidManifest.xml:28:23-70
62            </intent-filter>
63        </activity>
64
65        <meta-data
65-->[:react-native-firebase_app] AndroidManifest.xml:10:9-12:36
66            android:name="app_data_collection_default_enabled"
66-->[:react-native-firebase_app] AndroidManifest.xml:11:13-63
67            android:value="true" />
67-->[:react-native-firebase_app] AndroidManifest.xml:12:13-33
68
69        <service
69-->[:react-native-firebase_app] AndroidManifest.xml:14:9-18:19
70            android:name="com.google.firebase.components.ComponentDiscoveryService"
70-->[:react-native-firebase_app] AndroidManifest.xml:14:18-89
71            android:directBootAware="true"
71-->[com.google.firebase:firebase-common:20.1.1] AndroidManifest.xml:35:13-43
72            android:exported="false" >
72-->[com.google.firebase:firebase-auth:21.0.5] AndroidManifest.xml:66:13-37
73            <meta-data
73-->[:react-native-firebase_app] AndroidManifest.xml:15:13-17:85
74                android:name="com.google.firebase.components:io.invertase.firebase.app.ReactNativeFirebaseAppRegistrar"
74-->[:react-native-firebase_app] AndroidManifest.xml:16:17-120
75                android:value="com.google.firebase.components.ComponentRegistrar" />
75-->[:react-native-firebase_app] AndroidManifest.xml:17:17-82
76            <meta-data
76-->[com.google.firebase:firebase-auth:21.0.5] AndroidManifest.xml:67:13-69:85
77                android:name="com.google.firebase.components:com.google.firebase.auth.FirebaseAuthRegistrar"
77-->[com.google.firebase:firebase-auth:21.0.5] AndroidManifest.xml:68:17-109
78                android:value="com.google.firebase.components.ComponentRegistrar" />
78-->[com.google.firebase:firebase-auth:21.0.5] AndroidManifest.xml:69:17-82
79            <meta-data
79-->[com.google.firebase:firebase-firestore:24.1.2] AndroidManifest.xml:20:13-22:85
80                android:name="com.google.firebase.components:com.google.firebase.firestore.FirestoreRegistrar"
80-->[com.google.firebase:firebase-firestore:24.1.2] AndroidManifest.xml:21:17-111
81                android:value="com.google.firebase.components.ComponentRegistrar" />
81-->[com.google.firebase:firebase-firestore:24.1.2] AndroidManifest.xml:22:17-82
82            <meta-data
82-->[com.google.firebase:firebase-storage:20.0.1] AndroidManifest.xml:33:13-35:85
83                android:name="com.google.firebase.components:com.google.firebase.storage.StorageRegistrar"
83-->[com.google.firebase:firebase-storage:20.0.1] AndroidManifest.xml:34:17-107
84                android:value="com.google.firebase.components.ComponentRegistrar" />
84-->[com.google.firebase:firebase-storage:20.0.1] AndroidManifest.xml:35:17-82
85            <meta-data
85-->[com.google.android.gms:play-services-measurement-api:21.0.0] AndroidManifest.xml:31:13-33:85
86                android:name="com.google.firebase.components:com.google.firebase.analytics.connector.internal.AnalyticsConnectorRegistrar"
86-->[com.google.android.gms:play-services-measurement-api:21.0.0] AndroidManifest.xml:32:17-139
87                android:value="com.google.firebase.components.ComponentRegistrar" />
87-->[com.google.android.gms:play-services-measurement-api:21.0.0] AndroidManifest.xml:33:17-82
88            <meta-data
88-->[com.google.firebase:firebase-installations:17.0.1] AndroidManifest.xml:18:13-20:85
89                android:name="com.google.firebase.components:com.google.firebase.installations.FirebaseInstallationsRegistrar"
89-->[com.google.firebase:firebase-installations:17.0.1] AndroidManifest.xml:19:17-127
90                android:value="com.google.firebase.components.ComponentRegistrar" />
90-->[com.google.firebase:firebase-installations:17.0.1] AndroidManifest.xml:20:17-82
91        </service>
92
93        <provider
93-->[:react-native-firebase_app] AndroidManifest.xml:20:9-24:38
94            android:name="io.invertase.firebase.app.ReactNativeFirebaseAppInitProvider"
94-->[:react-native-firebase_app] AndroidManifest.xml:21:13-88
95            android:authorities="com.travellogapp.reactnativefirebaseappinitprovider"
95-->[:react-native-firebase_app] AndroidManifest.xml:22:13-86
96            android:exported="false"
96-->[:react-native-firebase_app] AndroidManifest.xml:23:13-37
97            android:initOrder="99" />
97-->[:react-native-firebase_app] AndroidManifest.xml:24:13-35
98        <provider
98-->[:react-native-image-crop-picker] AndroidManifest.xml:18:9-26:20
99            android:name="androidx.core.content.FileProvider"
99-->[:react-native-image-crop-picker] AndroidManifest.xml:19:13-62
100            android:authorities="com.travellogapp.provider"
100-->[:react-native-image-crop-picker] AndroidManifest.xml:20:13-60
101            android:exported="false"
101-->[:react-native-image-crop-picker] AndroidManifest.xml:21:13-37
102            android:grantUriPermissions="true" >
102-->[:react-native-image-crop-picker] AndroidManifest.xml:22:13-47
103            <meta-data
103-->[:react-native-image-crop-picker] AndroidManifest.xml:23:13-25:58
104                android:name="android.support.FILE_PROVIDER_PATHS"
104-->[:react-native-image-crop-picker] AndroidManifest.xml:24:17-67
105                android:resource="@xml/provider_paths" />
105-->[:react-native-image-crop-picker] AndroidManifest.xml:25:17-55
106        </provider>
107
108        <activity
108-->[:react-native-image-crop-picker] AndroidManifest.xml:28:9-30:72
109            android:name="com.yalantis.ucrop.UCropActivity"
109-->[:react-native-image-crop-picker] AndroidManifest.xml:29:13-60
110            android:theme="@style/Theme.AppCompat.Light.NoActionBar" />
110-->[:react-native-image-crop-picker] AndroidManifest.xml:30:13-69
111        <activity
111-->[com.google.firebase:firebase-auth:21.0.5] AndroidManifest.xml:27:9-44:20
112            android:name="com.google.firebase.auth.internal.GenericIdpActivity"
112-->[com.google.firebase:firebase-auth:21.0.5] AndroidManifest.xml:28:13-80
113            android:excludeFromRecents="true"
113-->[com.google.firebase:firebase-auth:21.0.5] AndroidManifest.xml:29:13-46
114            android:exported="true"
114-->[com.google.firebase:firebase-auth:21.0.5] AndroidManifest.xml:30:13-36
115            android:launchMode="singleTask"
115-->[com.google.firebase:firebase-auth:21.0.5] AndroidManifest.xml:31:13-44
116            android:theme="@android:style/Theme.Translucent.NoTitleBar" >
116-->[com.google.firebase:firebase-auth:21.0.5] AndroidManifest.xml:32:13-72
117            <intent-filter>
117-->[com.google.firebase:firebase-auth:21.0.5] AndroidManifest.xml:33:13-43:29
118                <action android:name="android.intent.action.VIEW" />
118-->[com.google.firebase:firebase-auth:21.0.5] AndroidManifest.xml:34:17-69
118-->[com.google.firebase:firebase-auth:21.0.5] AndroidManifest.xml:34:25-66
119
120                <category android:name="android.intent.category.DEFAULT" />
120-->[com.google.firebase:firebase-auth:21.0.5] AndroidManifest.xml:36:17-76
120-->[com.google.firebase:firebase-auth:21.0.5] AndroidManifest.xml:36:27-73
121                <category android:name="android.intent.category.BROWSABLE" />
121-->[com.google.firebase:firebase-auth:21.0.5] AndroidManifest.xml:37:17-78
121-->[com.google.firebase:firebase-auth:21.0.5] AndroidManifest.xml:37:27-75
122
123                <data
123-->[com.google.firebase:firebase-auth:21.0.5] AndroidManifest.xml:39:17-42:51
124                    android:host="firebase.auth"
124-->[com.google.firebase:firebase-auth:21.0.5] AndroidManifest.xml:40:21-49
125                    android:path="/"
125-->[com.google.firebase:firebase-auth:21.0.5] AndroidManifest.xml:41:21-37
126                    android:scheme="genericidp" />
126-->[com.google.firebase:firebase-auth:21.0.5] AndroidManifest.xml:42:21-48
127            </intent-filter>
128        </activity>
129        <activity
129-->[com.google.firebase:firebase-auth:21.0.5] AndroidManifest.xml:45:9-62:20
130            android:name="com.google.firebase.auth.internal.RecaptchaActivity"
130-->[com.google.firebase:firebase-auth:21.0.5] AndroidManifest.xml:46:13-79
131            android:excludeFromRecents="true"
131-->[com.google.firebase:firebase-auth:21.0.5] AndroidManifest.xml:47:13-46
132            android:exported="true"
132-->[com.google.firebase:firebase-auth:21.0.5] AndroidManifest.xml:48:13-36
133            android:launchMode="singleTask"
133-->[com.google.firebase:firebase-auth:21.0.5] AndroidManifest.xml:49:13-44
134            android:theme="@android:style/Theme.Translucent.NoTitleBar" >
134-->[com.google.firebase:firebase-auth:21.0.5] AndroidManifest.xml:50:13-72
135            <intent-filter>
135-->[com.google.firebase:firebase-auth:21.0.5] AndroidManifest.xml:51:13-61:29
136                <action android:name="android.intent.action.VIEW" />
136-->[com.google.firebase:firebase-auth:21.0.5] AndroidManifest.xml:34:17-69
136-->[com.google.firebase:firebase-auth:21.0.5] AndroidManifest.xml:34:25-66
137
138                <category android:name="android.intent.category.DEFAULT" />
138-->[com.google.firebase:firebase-auth:21.0.5] AndroidManifest.xml:36:17-76
138-->[com.google.firebase:firebase-auth:21.0.5] AndroidManifest.xml:36:27-73
139                <category android:name="android.intent.category.BROWSABLE" />
139-->[com.google.firebase:firebase-auth:21.0.5] AndroidManifest.xml:37:17-78
139-->[com.google.firebase:firebase-auth:21.0.5] AndroidManifest.xml:37:27-75
140
141                <data
141-->[com.google.firebase:firebase-auth:21.0.5] AndroidManifest.xml:39:17-42:51
142                    android:host="firebase.auth"
142-->[com.google.firebase:firebase-auth:21.0.5] AndroidManifest.xml:40:21-49
143                    android:path="/"
143-->[com.google.firebase:firebase-auth:21.0.5] AndroidManifest.xml:41:21-37
144                    android:scheme="recaptcha" />
144-->[com.google.firebase:firebase-auth:21.0.5] AndroidManifest.xml:42:21-48
145            </intent-filter>
146        </activity>
147
148        <provider
148-->[com.google.firebase:firebase-common:20.1.1] AndroidManifest.xml:26:9-31:39
149            android:name="com.google.firebase.provider.FirebaseInitProvider"
149-->[com.google.firebase:firebase-common:20.1.1] AndroidManifest.xml:27:13-77
150            android:authorities="com.travellogapp.firebaseinitprovider"
150-->[com.google.firebase:firebase-common:20.1.1] AndroidManifest.xml:28:13-72
151            android:directBootAware="true"
151-->[com.google.firebase:firebase-common:20.1.1] AndroidManifest.xml:29:13-43
152            android:exported="false"
152-->[com.google.firebase:firebase-common:20.1.1] AndroidManifest.xml:30:13-37
153            android:initOrder="100" />
153-->[com.google.firebase:firebase-common:20.1.1] AndroidManifest.xml:31:13-36
154
155        <activity
155-->[com.google.android.gms:play-services-auth:20.2.0] AndroidManifest.xml:23:9-27:75
156            android:name="com.google.android.gms.auth.api.signin.internal.SignInHubActivity"
156-->[com.google.android.gms:play-services-auth:20.2.0] AndroidManifest.xml:24:13-93
157            android:excludeFromRecents="true"
157-->[com.google.android.gms:play-services-auth:20.2.0] AndroidManifest.xml:25:13-46
158            android:exported="false"
158-->[com.google.android.gms:play-services-auth:20.2.0] AndroidManifest.xml:26:13-37
159            android:theme="@android:style/Theme.Translucent.NoTitleBar" />
159-->[com.google.android.gms:play-services-auth:20.2.0] AndroidManifest.xml:27:13-72
160        <!--
161            Service handling Google Sign-In user revocation. For apps that do not integrate with
162            Google Sign-In, this service will never be started.
163        -->
164        <service
164-->[com.google.android.gms:play-services-auth:20.2.0] AndroidManifest.xml:33:9-37:51
165            android:name="com.google.android.gms.auth.api.signin.RevocationBoundService"
165-->[com.google.android.gms:play-services-auth:20.2.0] AndroidManifest.xml:34:13-89
166            android:exported="true"
166-->[com.google.android.gms:play-services-auth:20.2.0] AndroidManifest.xml:35:13-36
167            android:permission="com.google.android.gms.auth.api.signin.permission.REVOCATION_NOTIFICATION"
167-->[com.google.android.gms:play-services-auth:20.2.0] AndroidManifest.xml:36:13-107
168            android:visibleToInstantApps="true" />
168-->[com.google.android.gms:play-services-auth:20.2.0] AndroidManifest.xml:37:13-48
169
170        <activity
170-->[com.google.android.gms:play-services-base:18.0.1] AndroidManifest.xml:20:9-22:45
171            android:name="com.google.android.gms.common.api.GoogleApiActivity"
171-->[com.google.android.gms:play-services-base:18.0.1] AndroidManifest.xml:20:19-85
172            android:exported="false"
172-->[com.google.android.gms:play-services-base:18.0.1] AndroidManifest.xml:22:19-43
173            android:theme="@android:style/Theme.Translucent.NoTitleBar" />
173-->[com.google.android.gms:play-services-base:18.0.1] AndroidManifest.xml:21:19-78
174
175        <receiver
175-->[com.google.android.gms:play-services-measurement:21.0.0] AndroidManifest.xml:29:9-33:20
176            android:name="com.google.android.gms.measurement.AppMeasurementReceiver"
176-->[com.google.android.gms:play-services-measurement:21.0.0] AndroidManifest.xml:30:13-85
177            android:enabled="true"
177-->[com.google.android.gms:play-services-measurement:21.0.0] AndroidManifest.xml:31:13-35
178            android:exported="false" >
178-->[com.google.android.gms:play-services-measurement:21.0.0] AndroidManifest.xml:32:13-37
179        </receiver>
180
181        <service
181-->[com.google.android.gms:play-services-measurement:21.0.0] AndroidManifest.xml:35:9-38:40
182            android:name="com.google.android.gms.measurement.AppMeasurementService"
182-->[com.google.android.gms:play-services-measurement:21.0.0] AndroidManifest.xml:36:13-84
183            android:enabled="true"
183-->[com.google.android.gms:play-services-measurement:21.0.0] AndroidManifest.xml:37:13-35
184            android:exported="false" />
184-->[com.google.android.gms:play-services-measurement:21.0.0] AndroidManifest.xml:38:13-37
185        <service
185-->[com.google.android.gms:play-services-measurement:21.0.0] AndroidManifest.xml:39:9-43:72
186            android:name="com.google.android.gms.measurement.AppMeasurementJobService"
186-->[com.google.android.gms:play-services-measurement:21.0.0] AndroidManifest.xml:40:13-87
187            android:enabled="true"
187-->[com.google.android.gms:play-services-measurement:21.0.0] AndroidManifest.xml:41:13-35
188            android:exported="false"
188-->[com.google.android.gms:play-services-measurement:21.0.0] AndroidManifest.xml:42:13-37
189            android:permission="android.permission.BIND_JOB_SERVICE" />
189-->[com.google.android.gms:play-services-measurement:21.0.0] AndroidManifest.xml:43:13-69
190
191        <meta-data
191-->[com.google.android.gms:play-services-basement:18.0.0] AndroidManifest.xml:21:9-23:69
192            android:name="com.google.android.gms.version"
192-->[com.google.android.gms:play-services-basement:18.0.0] AndroidManifest.xml:22:13-58
193            android:value="@integer/google_play_services_version" />
193-->[com.google.android.gms:play-services-basement:18.0.0] AndroidManifest.xml:23:13-66
194    </application>
195
196</manifest>